四月 25, 2019 7:29:21 下午 org.apache.catalina.startup.ClassLoaderFactory validateFile
警告: Problem with directory [E:\JetBrains\IdeaProjects\tomcat7\lib], exists: [false], isDirectory: [false], canRead: [false]
四月 25, 2019 7:29:21 下午 org.apache.catalina.startup.ClassLoaderFactory validateFile
警告: Problem with directory [E:\JetBrains\IdeaProjects\tomcat7\lib], exists: [false], isDirectory: [false], canRead: [false]
四月 25, 2019 7:29:21 下午 org.apache.catalina.startup.ClassLoaderFactory validateFile
警告: Problem with directory [E:\JetBrains\IdeaProjects\tomcat7\lib], exists: [false], isDirectory: [false], canRead: [false]
四月 25, 2019 7:29:21 下午 org.apache.catalina.startup.ClassLoaderFactory validateFile
警告: Problem with directory [E:\JetBrains\IdeaProjects\tomcat7\lib], exists: [false], isDirectory: [false], canRead: [false]
四月 25, 2019 7:29:21 下午 org.apache.catalina.startup.Catalina initDirs
严重: Cannot find specified temporary folder at E:\JetBrains\IdeaProjects\tomcat7\temp
四月 25, 2019 7:29:21 下午 org.apache.catalina.startup.VersionLoggerListener log
信息: Server version:        Apache Tomcat/@VERSION@
四月 25, 2019 7:29:21 下午 org.apache.catalina.startup.VersionLoggerListener log
信息: Server built:          @VERSION_BUILT@
四月 25, 2019 7:29:21 下午 org.apache.catalina.startup.VersionLoggerListener log
信息: Server number:         @VERSION_NUMBER@
四月 25, 2019 7:29:21 下午 org.apache.catalina.startup.VersionLoggerListener log
信息: OS Name:               Windows 7
四月 25, 2019 7:29:21 下午 org.apache.catalina.startup.VersionLoggerListener log
信息: OS Version:            6.1
四月 25, 2019 7:29:21 下午 org.apache.catalina.startup.VersionLoggerListener log
信息: Architecture:          amd64
四月 25, 2019 7:29:21 下午 org.apache.catalina.startup.VersionLoggerListener log
信息: Java Home:             C:\Java\jdk1.8.0_191\jre
四月 25, 2019 7:29:21 下午 org.apache.catalina.startup.VersionLoggerListener log
信息: JVM Version:           1.8.0_191-b12
四月 25, 2019 7:29:21 下午 org.apache.catalina.startup.VersionLoggerListener log
信息: JVM Vendor:            Oracle Corporation
四月 25, 2019 7:29:21 下午 org.apache.catalina.startup.VersionLoggerListener log
信息: CATALINA_BASE:         E:\JetBrains\IdeaProjects\tomcat7
四月 25, 2019 7:29:21 下午 org.apache.catalina.startup.VersionLoggerListener log
信息: CATALINA_HOME:         E:\JetBrains\IdeaProjects\tomcat7
四月 25, 2019 7:29:21 下午 org.apache.catalina.startup.VersionLoggerListener log
信息: Command line argument: -Dcatalina.home=E:\JetBrains\IdeaProjects\tomcat7
四月 25, 2019 7:29:21 下午 org.apache.catalina.startup.VersionLoggerListener log
信息: Command line argument: -Dcatalina.base=E:\JetBrains\IdeaProjects\tomcat7
四月 25, 2019 7:29:21 下午 org.apache.catalina.startup.VersionLoggerListener log
信息: Command line argument: -Djava.endorsed.dirs=E:\JetBrains\IdeaProjects\tomcat7\endorsed
四月 25, 2019 7:29:21 下午 org.apache.catalina.startup.VersionLoggerListener log
信息: Command line argument: -Djava.io.tmpdir=E:\JetBrains\IdeaProjects\tomcat7\temp
四月 25, 2019 7:29:21 下午 org.apache.catalina.startup.VersionLoggerListener log
信息: Command line argument: -Djava.util.logging.manager=org.apache.juli.ClassLoaderLogManager
四月 25, 2019 7:29:21 下午 org.apache.catalina.startup.VersionLoggerListener log
信息: Command line argument: -Djava.util.logging.config.file=E:\JetBrains\IdeaProjects\tomcat7\conf\logging.properties
四月 25, 2019 7:29:21 下午 org.apache.catalina.startup.VersionLoggerListener log
信息: Command line argument: -javaagent:E:\Program Files\IntelliJ IDEA 2018.3.3\lib\idea_rt.jar=61790:E:\Program Files\IntelliJ IDEA 2018.3.3\bin
四月 25, 2019 7:29:21 下午 org.apache.catalina.startup.VersionLoggerListener log
信息: Command line argument: -Dfile.encoding=UTF-8
四月 25, 2019 7:29:21 下午 org.apache.catalina.core.AprLifecycleListener lifecycleEvent
信息: The APR based Apache Tomcat Native library which allows optimal performance in production environments was not found on the java.library.path: C:\Java\jdk1.8.0_191\bin;C:\Windows\Sun\Java\bin;C:\Windows\system32;C:\Windows;C:\Program Files (x86)\Common Files\Oracle\Java\javapath;E:\app\yss\product\11.2.0\dbhome_1\bin;C:\Program Files (x86)\Intel\iCLS Client\;C:\Program Files\Intel\iCLS Client\;C:\windows\system32;C:\windows;C:\windows\System32\Wbem;C:\windows\System32\WindowsPowerShell\v1.0\;C:\Program Files (x86)\Intel\Intel(R) Management Engine Components\DAL;C:\Program Files\Intel\Intel(R) Management Engine Components\DAL;C:\Program Files (x86)\Intel\Intel(R) Management Engine Components\IPT;C:\Program Files\Intel\Intel(R) Management Engine Components\IPT;C:\Program Files (x86)\NVIDIA Corporation\PhysX\Common;C:\Program Files\Intel\WiFi\bin\;C:\Program Files\Common Files\Intel\WirelessCommon\;C:\Program Files\Lenovo\Touch Fingerprint Software\;C:\Program Files (x86)\Common Files\Lenovo;C:\ProgramData\Lenovo\ReadyApps;C:\Java\jdk1.6.0_45\bin;C:\Java\jdk1.6.0_45\jre\bin;E:\Program Files\TortoiseSVN\bin;E:\Program Files\Git\cmd;G:\DevTools\apache-ant-1.10.5\bin;C:\Program Files\EsafeNet\Cobra DocGuard Client;.
四月 25, 2019 7:29:21 下午 org.apache.coyote.AbstractProtocol init
信息: Initializing ProtocolHandler ["http-bio-8080"]
四月 25, 2019 7:29:21 下午 org.apache.coyote.AbstractProtocol init
信息: Initializing ProtocolHandler ["ajp-bio-8009"]
四月 25, 2019 7:29:21 下午 org.apache.catalina.startup.Catalina load
信息: Initialization processed in 517 ms
四月 25, 2019 7:29:21 下午 org.apache.catalina.core.StandardService startInternal
信息: Starting service Catalina
四月 25, 2019 7:29:21 下午 org.apache.catalina.core.StandardEngine startInternal
信息: Starting Servlet Engine: Apache Tomcat/@VERSION@
四月 25, 2019 7:29:21 下午 org.apache.catalina.startup.HostConfig deployDirectory
信息: Deploying web application directory E:\JetBrains\IdeaProjects\tomcat7\webapps\docs
四月 25, 2019 7:29:22 下午 org.apache.catalina.startup.TldConfig execute
信息: At least one JAR was scanned for TLDs yet contained no TLDs. Enable debug logging for this logger for a complete list of JARs that were scanned but no TLDs were found in them. Skipping unneeded JARs during scanning can improve startup time and JSP compilation time.
四月 25, 2019 7:29:22 下午 org.apache.catalina.util.SessionIdGeneratorBase createSecureRandom
警告: Creation of SecureRandom instance for session ID generation using [SHA1PRNG] took [185] milliseconds.
四月 25, 2019 7:29:22 下午 org.apache.catalina.startup.HostConfig deployDirectory
信息: Deployment of web application directory E:\JetBrains\IdeaProjects\tomcat7\webapps\docs has finished in 552 ms
四月 25, 2019 7:29:22 下午 org.apache.catalina.startup.HostConfig deployDirectory
信息: Deploying web application directory E:\JetBrains\IdeaProjects\tomcat7\webapps\examples
四月 25, 2019 7:29:22 下午 org.apache.catalina.startup.TldConfig execute
信息: At least one JAR was scanned for TLDs yet contained no TLDs. Enable debug logging for this logger for a complete list of JARs that were scanned but no TLDs were found in them. Skipping unneeded JARs during scanning can improve startup time and JSP compilation time.
四月 25, 2019 7:29:22 下午 org.apache.catalina.core.StandardContext startInternal
严重: One or more listeners failed to start. Full details will be found in the appropriate container log file
四月 25, 2019 7:29:22 下午 org.apache.catalina.core.StandardContext startInternal
严重: Context [/examples] startup failed due to previous errors
四月 25, 2019 7:29:22 下午 org.apache.catalina.startup.HostConfig deployDirectory
信息: Deployment of web application directory E:\JetBrains\IdeaProjects\tomcat7\webapps\examples has finished in 179 ms
四月 25, 2019 7:29:22 下午 org.apache.catalina.startup.HostConfig deployDirectory
信息: Deploying web application directory E:\JetBrains\IdeaProjects\tomcat7\webapps\host-manager
四月 25, 2019 7:29:22 下午 org.apache.catalina.startup.TldConfig execute
信息: At least one JAR was scanned for TLDs yet contained no TLDs. Enable debug logging for this logger for a complete list of JARs that were scanned but no TLDs were found in them. Skipping unneeded JARs during scanning can improve startup time and JSP compilation time.
四月 25, 2019 7:29:22 下午 org.apache.catalina.startup.HostConfig deployDirectory
信息: Deployment of web application directory E:\JetBrains\IdeaProjects\tomcat7\webapps\host-manager has finished in 87 ms
四月 25, 2019 7:29:22 下午 org.apache.catalina.startup.HostConfig deployDirectory
信息: Deploying web application directory E:\JetBrains\IdeaProjects\tomcat7\webapps\manager
四月 25, 2019 7:29:22 下午 org.apache.catalina.startup.TldConfig execute
信息: At least one JAR was scanned for TLDs yet contained no TLDs. Enable debug logging for this logger for a complete list of JARs that were scanned but no TLDs were found in them. Skipping unneeded JARs during scanning can improve startup time and JSP compilation time.
四月 25, 2019 7:29:22 下午 org.apache.catalina.startup.HostConfig deployDirectory
信息: Deployment of web application directory E:\JetBrains\IdeaProjects\tomcat7\webapps\manager has finished in 97 ms
四月 25, 2019 7:29:22 下午 org.apache.catalina.startup.HostConfig deployDirectory
信息: Deploying web application directory E:\JetBrains\IdeaProjects\tomcat7\webapps\ROOT
四月 25, 2019 7:29:22 下午 org.apache.catalina.startup.TldConfig execute
信息: At least one JAR was scanned for TLDs yet contained no TLDs. Enable debug logging for this logger for a complete list of JARs that were scanned but no TLDs were found in them. Skipping unneeded JARs during scanning can improve startup time and JSP compilation time.
四月 25, 2019 7:29:22 下午 org.apache.catalina.startup.HostConfig deployDirectory
信息: Deployment of web application directory E:\JetBrains\IdeaProjects\tomcat7\webapps\ROOT has finished in 64 ms
四月 25, 2019 7:29:22 下午 org.apache.coyote.AbstractProtocol start
信息: Starting ProtocolHandler ["http-bio-8080"]
四月 25, 2019 7:29:22 下午 org.apache.coyote.AbstractProtocol start
信息: Starting ProtocolHandler ["ajp-bio-8009"]
四月 25, 2019 7:29:22 下午 org.apache.catalina.startup.Catalina start
信息: Server startup in 1025 ms
四月 25, 2019 7:29:41 下午 org.apache.catalina.startup.ClassLoaderFactory validateFile
警告: Problem with directory [E:\JetBrains\IdeaProjects\tomcat7\lib], exists: [false], isDirectory: [false], canRead: [false]
四月 25, 2019 7:29:41 下午 org.apache.catalina.startup.ClassLoaderFactory validateFile
警告: Problem with directory [E:\JetBrains\IdeaProjects\tomcat7\lib], exists: [false], isDirectory: [false], canRead: [false]
四月 25, 2019 7:29:41 下午 org.apache.catalina.startup.ClassLoaderFactory validateFile
警告: Problem with directory [E:\JetBrains\IdeaProjects\tomcat7\lib], exists: [false], isDirectory: [false], canRead: [false]
四月 25, 2019 7:29:41 下午 org.apache.catalina.startup.ClassLoaderFactory validateFile
警告: Problem with directory [E:\JetBrains\IdeaProjects\tomcat7\lib], exists: [false], isDirectory: [false], canRead: [false]
四月 25, 2019 7:29:41 下午 org.apache.catalina.startup.Catalina initDirs
严重: Cannot find specified temporary folder at E:\JetBrains\IdeaProjects\tomcat7\temp
四月 25, 2019 7:29:41 下午 org.apache.catalina.startup.VersionLoggerListener log
信息: Server version:        Apache Tomcat/@VERSION@
四月 25, 2019 7:29:41 下午 org.apache.catalina.startup.VersionLoggerListener log
信息: Server built:          @VERSION_BUILT@
四月 25, 2019 7:29:41 下午 org.apache.catalina.startup.VersionLoggerListener log
信息: Server number:         @VERSION_NUMBER@
四月 25, 2019 7:29:41 下午 org.apache.catalina.startup.VersionLoggerListener log
信息: OS Name:               Windows 7
四月 25, 2019 7:29:41 下午 org.apache.catalina.startup.VersionLoggerListener log
信息: OS Version:            6.1
四月 25, 2019 7:29:41 下午 org.apache.catalina.startup.VersionLoggerListener log
信息: Architecture:          amd64
四月 25, 2019 7:29:41 下午 org.apache.catalina.startup.VersionLoggerListener log
信息: Java Home:             C:\Java\jdk1.8.0_191\jre
四月 25, 2019 7:29:41 下午 org.apache.catalina.startup.VersionLoggerListener log
信息: JVM Version:           1.8.0_191-b12
四月 25, 2019 7:29:41 下午 org.apache.catalina.startup.VersionLoggerListener log
信息: JVM Vendor:            Oracle Corporation
四月 25, 2019 7:29:41 下午 org.apache.catalina.startup.VersionLoggerListener log
信息: CATALINA_BASE:         E:\JetBrains\IdeaProjects\tomcat7
四月 25, 2019 7:29:41 下午 org.apache.catalina.startup.VersionLoggerListener log
信息: CATALINA_HOME:         E:\JetBrains\IdeaProjects\tomcat7
四月 25, 2019 7:29:41 下午 org.apache.catalina.startup.VersionLoggerListener log
信息: Command line argument: -Dcatalina.home=E:\JetBrains\IdeaProjects\tomcat7
四月 25, 2019 7:29:41 下午 org.apache.catalina.startup.VersionLoggerListener log
信息: Command line argument: -Dcatalina.base=E:\JetBrains\IdeaProjects\tomcat7
四月 25, 2019 7:29:41 下午 org.apache.catalina.startup.VersionLoggerListener log
信息: Command line argument: -Djava.endorsed.dirs=E:\JetBrains\IdeaProjects\tomcat7\endorsed
四月 25, 2019 7:29:41 下午 org.apache.catalina.startup.VersionLoggerListener log
信息: Command line argument: -Djava.io.tmpdir=E:\JetBrains\IdeaProjects\tomcat7\temp
四月 25, 2019 7:29:41 下午 org.apache.catalina.startup.VersionLoggerListener log
信息: Command line argument: -Djava.util.logging.manager=org.apache.juli.ClassLoaderLogManager
四月 25, 2019 7:29:41 下午 org.apache.catalina.startup.VersionLoggerListener log
信息: Command line argument: -Djava.util.logging.config.file=E:\JetBrains\IdeaProjects\tomcat7\conf\logging.properties
四月 25, 2019 7:29:41 下午 org.apache.catalina.startup.VersionLoggerListener log
信息: Command line argument: -javaagent:E:\Program Files\IntelliJ IDEA 2018.3.3\lib\idea_rt.jar=61818:E:\Program Files\IntelliJ IDEA 2018.3.3\bin
四月 25, 2019 7:29:41 下午 org.apache.catalina.startup.VersionLoggerListener log
信息: Command line argument: -Dfile.encoding=UTF-8
四月 25, 2019 7:29:41 下午 org.apache.catalina.core.AprLifecycleListener lifecycleEvent
信息: The APR based Apache Tomcat Native library which allows optimal performance in production environments was not found on the java.library.path: C:\Java\jdk1.8.0_191\bin;C:\Windows\Sun\Java\bin;C:\Windows\system32;C:\Windows;C:\Program Files (x86)\Common Files\Oracle\Java\javapath;E:\app\yss\product\11.2.0\dbhome_1\bin;C:\Program Files (x86)\Intel\iCLS Client\;C:\Program Files\Intel\iCLS Client\;C:\windows\system32;C:\windows;C:\windows\System32\Wbem;C:\windows\System32\WindowsPowerShell\v1.0\;C:\Program Files (x86)\Intel\Intel(R) Management Engine Components\DAL;C:\Program Files\Intel\Intel(R) Management Engine Components\DAL;C:\Program Files (x86)\Intel\Intel(R) Management Engine Components\IPT;C:\Program Files\Intel\Intel(R) Management Engine Components\IPT;C:\Program Files (x86)\NVIDIA Corporation\PhysX\Common;C:\Program Files\Intel\WiFi\bin\;C:\Program Files\Common Files\Intel\WirelessCommon\;C:\Program Files\Lenovo\Touch Fingerprint Software\;C:\Program Files (x86)\Common Files\Lenovo;C:\ProgramData\Lenovo\ReadyApps;C:\Java\jdk1.6.0_45\bin;C:\Java\jdk1.6.0_45\jre\bin;E:\Program Files\TortoiseSVN\bin;E:\Program Files\Git\cmd;G:\DevTools\apache-ant-1.10.5\bin;C:\Program Files\EsafeNet\Cobra DocGuard Client;.
四月 25, 2019 7:29:41 下午 org.apache.coyote.AbstractProtocol init
信息: Initializing ProtocolHandler ["http-bio-8080"]
四月 25, 2019 7:29:41 下午 org.apache.coyote.AbstractProtocol init
信息: Initializing ProtocolHandler ["ajp-bio-8009"]
四月 25, 2019 7:29:41 下午 org.apache.catalina.startup.Catalina load
信息: Initialization processed in 489 ms
四月 25, 2019 7:29:41 下午 org.apache.catalina.core.StandardService startInternal
信息: Starting service Catalina
四月 25, 2019 7:29:41 下午 org.apache.catalina.core.StandardEngine startInternal
信息: Starting Servlet Engine: Apache Tomcat/@VERSION@
四月 25, 2019 7:29:41 下午 org.apache.catalina.startup.HostConfig deployDirectory
信息: Deploying web application directory E:\JetBrains\IdeaProjects\tomcat7\webapps\docs
四月 25, 2019 7:29:42 下午 org.apache.catalina.startup.TldConfig execute
信息: At least one JAR was scanned for TLDs yet contained no TLDs. Enable debug logging for this logger for a complete list of JARs that were scanned but no TLDs were found in them. Skipping unneeded JARs during scanning can improve startup time and JSP compilation time.
四月 25, 2019 7:29:42 下午 org.apache.catalina.util.SessionIdGeneratorBase createSecureRandom
警告: Creation of SecureRandom instance for session ID generation using [SHA1PRNG] took [180] milliseconds.
四月 25, 2019 7:29:42 下午 org.apache.catalina.startup.HostConfig deployDirectory
信息: Deployment of web application directory E:\JetBrains\IdeaProjects\tomcat7\webapps\docs has finished in 529 ms
四月 25, 2019 7:29:42 下午 org.apache.catalina.startup.HostConfig deployDirectory
信息: Deploying web application directory E:\JetBrains\IdeaProjects\tomcat7\webapps\examples
四月 25, 2019 7:29:42 下午 org.apache.catalina.startup.TldConfig execute
信息: At least one JAR was scanned for TLDs yet contained no TLDs. Enable debug logging for this logger for a complete list of JARs that were scanned but no TLDs were found in them. Skipping unneeded JARs during scanning can improve startup time and JSP compilation time.
四月 25, 2019 7:29:42 下午 org.apache.catalina.core.StandardContext startInternal
严重: One or more listeners failed to start. Full details will be found in the appropriate container log file
四月 25, 2019 7:29:42 下午 org.apache.catalina.core.StandardContext startInternal
严重: Context [/examples] startup failed due to previous errors
四月 25, 2019 7:29:42 下午 org.apache.catalina.startup.HostConfig deployDirectory
信息: Deployment of web application directory E:\JetBrains\IdeaProjects\tomcat7\webapps\examples has finished in 171 ms
四月 25, 2019 7:29:42 下午 org.apache.catalina.startup.HostConfig deployDirectory
信息: Deploying web application directory E:\JetBrains\IdeaProjects\tomcat7\webapps\host-manager
四月 25, 2019 7:29:42 下午 org.apache.catalina.startup.TldConfig execute
信息: At least one JAR was scanned for TLDs yet contained no TLDs. Enable debug logging for this logger for a complete list of JARs that were scanned but no TLDs were found in them. Skipping unneeded JARs during scanning can improve startup time and JSP compilation time.
四月 25, 2019 7:29:42 下午 org.apache.catalina.startup.HostConfig deployDirectory
信息: Deployment of web application directory E:\JetBrains\IdeaProjects\tomcat7\webapps\host-manager has finished in 96 ms
四月 25, 2019 7:29:42 下午 org.apache.catalina.startup.HostConfig deployDirectory
信息: Deploying web application directory E:\JetBrains\IdeaProjects\tomcat7\webapps\manager
四月 25, 2019 7:29:42 下午 org.apache.catalina.startup.TldConfig execute
信息: At least one JAR was scanned for TLDs yet contained no TLDs. Enable debug logging for this logger for a complete list of JARs that were scanned but no TLDs were found in them. Skipping unneeded JARs during scanning can improve startup time and JSP compilation time.
四月 25, 2019 7:29:42 下午 org.apache.catalina.startup.HostConfig deployDirectory
信息: Deployment of web application directory E:\JetBrains\IdeaProjects\tomcat7\webapps\manager has finished in 94 ms
四月 25, 2019 7:29:42 下午 org.apache.catalina.startup.HostConfig deployDirectory
信息: Deploying web application directory E:\JetBrains\IdeaProjects\tomcat7\webapps\ROOT
四月 25, 2019 7:29:42 下午 org.apache.catalina.startup.TldConfig execute
信息: At least one JAR was scanned for TLDs yet contained no TLDs. Enable debug logging for this logger for a complete list of JARs that were scanned but no TLDs were found in them. Skipping unneeded JARs during scanning can improve startup time and JSP compilation time.
四月 25, 2019 7:29:42 下午 org.apache.catalina.startup.HostConfig deployDirectory
信息: Deployment of web application directory E:\JetBrains\IdeaProjects\tomcat7\webapps\ROOT has finished in 62 ms
四月 25, 2019 7:29:42 下午 org.apache.coyote.AbstractProtocol start
信息: Starting ProtocolHandler ["http-bio-8080"]
四月 25, 2019 7:29:42 下午 org.apache.coyote.AbstractProtocol start
信息: Starting ProtocolHandler ["ajp-bio-8009"]
四月 25, 2019 7:29:42 下午 org.apache.catalina.startup.Catalina start
信息: Server startup in 1002 ms
